
Starting:    C:\Microsemi\Libero_SoC_v11.9\SynplifyPro\bin64\mbin\synbatch.exe
Install:     C:\Microsemi\Libero_SoC_v11.9\SynplifyPro
Hostname:    DESKTOP-4E0F6V3
Date:        Sun Dec 18 23:01:19 2022
Version:     L-2016.09M-SP1-5

Arguments:   -product synplify_pro -licensetype synplifypro_actel -batch -log synplify.log HC112_syn.tcl
ProductType: synplify_pro

License checkout: synplifypro_actel
License: synplifypro_actel node-locked 
Licensed Vendor: actel
License Option: actel_oem

Running in Vendor Mode


Implementation not found: synthesis

log file: "D:\project\program\QUARTUS\eda\HC112\synthesis\HC112.srr"

Running: synthesis in foreground



Running HC112_syn|synthesis


Running: compile (Compile) on HC112_syn|synthesis
# Sun Dec 18 23:01:19 2022


Running: compile_flow (Compile Process) on HC112_syn|synthesis
# Sun Dec 18 23:01:19 2022


Running: compiler (Compile Input) on HC112_syn|synthesis
# Sun Dec 18 23:01:19 2022

Copied D:\project\program\QUARTUS\eda\HC112\synthesis\synwork\HC112_comp.srs to D:\project\program\QUARTUS\eda\HC112\synthesis\HC112.srs


compiler completed
# Sun Dec 18 23:01:22 2022

Return Code: 0
Run Time:00h:00m:03s


Running: multi_srs_gen (Multi-srs Generator) on HC112_syn|synthesis
# Sun Dec 18 23:01:22 2022


multi_srs_gen completed
# Sun Dec 18 23:01:22 2022

Return Code: 0
Run Time:00h:00m:00s

Copied D:\project\program\QUARTUS\eda\HC112\synthesis\synwork\HC112_mult.srs to D:\project\program\QUARTUS\eda\HC112\synthesis\HC112.srs

Complete: Compile Process on HC112_syn|synthesis


Running: premap (Pre-mapping) on HC112_syn|synthesis
# Sun Dec 18 23:01:22 2022


premap completed with warnings
# Sun Dec 18 23:01:23 2022

Return Code: 1
Run Time:00h:00m:01s

Complete: Compile on HC112_syn|synthesis


Running: map (Map) on HC112_syn|synthesis
# Sun Dec 18 23:01:23 2022

License granted for 4 parallel jobs


Running: fpga_mapper (Map & Optimize) on HC112_syn|synthesis
# Sun Dec 18 23:01:23 2022

Copied D:\project\program\QUARTUS\eda\HC112\synthesis\synwork\HC112_m.srm to D:\project\program\QUARTUS\eda\HC112\synthesis\HC112.srm


fpga_mapper completed with warnings
# Sun Dec 18 23:01:25 2022

Return Code: 1
Run Time:00h:00m:02s

Complete: Map on HC112_syn|synthesis

Complete: Logic Synthesis on HC112_syn|synthesis

Copied D:\project\program\QUARTUS\eda\HC112\synthesis\HC112.srr to D:\project\program\QUARTUS\eda\HC112\synthesis\backup\HC112.srr

TCL script complete: "HC112_syn.tcl"

exit status=0

exit status=0

License checkin: synplifypro_actel

