
Starting:    C:\Microsemi\Libero_SoC_v11.9\SynplifyPro\bin64\mbin\synbatch.exe
Install:     C:\Microsemi\Libero_SoC_v11.9\SynplifyPro
Hostname:    DESKTOP-4E0F6V3
Date:        Mon Dec 19 00:42:45 2022
Version:     L-2016.09M-SP1-5

Arguments:   -product synplify_pro -licensetype synplifypro_actel -batch -log synplify.log HC74_syn.tcl
ProductType: synplify_pro

License checkout: synplifypro_actel
License: synplifypro_actel node-locked 
Licensed Vendor: actel
License Option: actel_oem

Running in Vendor Mode


auto_infer_blackbox is not supported in current product.

log file: "D:\project\program\QUARTUS\eda\HC74\synthesis\HC74.srr"

Running: synthesis in foreground



Running HC74_syn|synthesis


Running: compile (Compile) on HC74_syn|synthesis
# Mon Dec 19 00:42:45 2022


Running: compile_flow (Compile Process) on HC74_syn|synthesis
# Mon Dec 19 00:42:45 2022


Running: compiler (Compile Input) on HC74_syn|synthesis
# Mon Dec 19 00:42:45 2022

Copied D:\project\program\QUARTUS\eda\HC74\synthesis\synwork\HC74_comp.srs to D:\project\program\QUARTUS\eda\HC74\synthesis\HC74.srs


compiler completed
# Mon Dec 19 00:42:47 2022

Return Code: 0
Run Time:00h:00m:02s


Running: multi_srs_gen (Multi-srs Generator) on HC74_syn|synthesis
# Mon Dec 19 00:42:47 2022


multi_srs_gen completed
# Mon Dec 19 00:42:47 2022

Return Code: 0
Run Time:00h:00m:00s

Copied D:\project\program\QUARTUS\eda\HC74\synthesis\synwork\HC74_mult.srs to D:\project\program\QUARTUS\eda\HC74\synthesis\HC74.srs

Complete: Compile Process on HC74_syn|synthesis


Running: premap (Pre-mapping) on HC74_syn|synthesis
# Mon Dec 19 00:42:47 2022


premap completed with warnings
# Mon Dec 19 00:42:48 2022

Return Code: 1
Run Time:00h:00m:01s

Complete: Compile on HC74_syn|synthesis


Running: map (Map) on HC74_syn|synthesis
# Mon Dec 19 00:42:48 2022

License granted for 4 parallel jobs


Running: fpga_mapper (Map & Optimize) on HC74_syn|synthesis
# Mon Dec 19 00:42:48 2022

Copied D:\project\program\QUARTUS\eda\HC74\synthesis\synwork\HC74_m.srm to D:\project\program\QUARTUS\eda\HC74\synthesis\HC74.srm


fpga_mapper completed with warnings
# Mon Dec 19 00:42:48 2022

Return Code: 1
Run Time:00h:00m:00s

Complete: Map on HC74_syn|synthesis

Complete: Logic Synthesis on HC74_syn|synthesis

TCL script complete: "HC74_syn.tcl"

exit status=0

exit status=0

License checkin: synplifypro_actel

