Microsemi Libero Software
Version: 11.9.0.4
Release: v11.9

Info: The design HC194.adb was last modified by software version 11.9.0.4.
Opened an existing Libero design HC194.adb.
'BA_NAME' set to 'HC194_ba'
'IDE_DESIGNERVIEW_NAME' set to 'Impl1'
'IDE_DESIGNERVIEW_COUNT' set to '1'
'IDE_DESIGNERVIEW_REV0' set to 'Impl1'
'IDE_DESIGNERVIEW_REVNUM0' set to '1'
'IDE_DESIGNERVIEW_ROOTDIR' set to 'D:\project\program\QUARTUS\eda\HC194\designer'
'IDE_DESIGNERVIEW_LASTREV' set to '1'
Wrote timing report to file: HC194_maxdelay_timing_report.txt

The Report command succeeded ( 00:00:02 )
Wrote timing report to file: HC194_mindelay_timing_report.txt

The Report command succeeded ( 00:00:00 )
Wrote timing_violations report to file: HC194_maxdelay_timingviolations_report.txt

The Report command succeeded ( 00:00:00 )
Wrote timing_violations report to file: HC194_mindelay_timingviolations_report.txt

The Report command succeeded ( 00:00:00 )
Design saved to file D:\project\program\QUARTUS\eda\HC194\designer\impl1\HC194.adb.

The Execute Script command succeeded ( 00:00:03 )
Design closed.

