
Starting:    C:\Microsemi\Libero_SoC_v11.9\SynplifyPro\bin64\mbin\synbatch.exe
Install:     C:\Microsemi\Libero_SoC_v11.9\SynplifyPro
Hostname:    DESKTOP-4E0F6V3
Date:        Sat Dec 17 21:28:36 2022
Version:     L-2016.09M-SP1-5

Arguments:   -product synplify_pro -licensetype synplifypro_actel -batch -log synplify.log encoder8_3_1_syn.tcl
ProductType: synplify_pro

License checkout: synplifypro_actel
License: synplifypro_actel node-locked 
Licensed Vendor: actel
License Option: actel_oem

Running in Vendor Mode


auto_infer_blackbox is not supported in current product.

log file: "D:\project\program\QUARTUS\eda\HC148\synthesis\encoder8_3_1.srr"

Running: synthesis in foreground



Running encoder8_3_1_syn|synthesis


Running: compile (Compile) on encoder8_3_1_syn|synthesis
# Sat Dec 17 21:28:36 2022


Running: compile_flow (Compile Process) on encoder8_3_1_syn|synthesis
# Sat Dec 17 21:28:36 2022


Running: compiler (Compile Input) on encoder8_3_1_syn|synthesis
# Sat Dec 17 21:28:36 2022

Copied D:\project\program\QUARTUS\eda\HC148\synthesis\synwork\encoder8_3_1_comp.srs to D:\project\program\QUARTUS\eda\HC148\synthesis\encoder8_3_1.srs


compiler completed
# Sat Dec 17 21:28:43 2022

Return Code: 0
Run Time:00h:00m:07s


Running: multi_srs_gen (Multi-srs Generator) on encoder8_3_1_syn|synthesis
# Sat Dec 17 21:28:43 2022


multi_srs_gen completed
# Sat Dec 17 21:28:44 2022

Return Code: 0
Run Time:00h:00m:01s

Copied D:\project\program\QUARTUS\eda\HC148\synthesis\synwork\encoder8_3_1_mult.srs to D:\project\program\QUARTUS\eda\HC148\synthesis\encoder8_3_1.srs

Complete: Compile Process on encoder8_3_1_syn|synthesis


Running: premap (Pre-mapping) on encoder8_3_1_syn|synthesis
# Sat Dec 17 21:28:44 2022


premap completed
# Sat Dec 17 21:28:47 2022

Return Code: 0
Run Time:00h:00m:03s

Complete: Compile on encoder8_3_1_syn|synthesis


Running: map (Map) on encoder8_3_1_syn|synthesis
# Sat Dec 17 21:28:47 2022

License granted for 4 parallel jobs


Running: fpga_mapper (Map & Optimize) on encoder8_3_1_syn|synthesis
# Sat Dec 17 21:28:47 2022

Copied D:\project\program\QUARTUS\eda\HC148\synthesis\synwork\encoder8_3_1_m.srm to D:\project\program\QUARTUS\eda\HC148\synthesis\encoder8_3_1.srm


fpga_mapper completed
# Sat Dec 17 21:28:48 2022

Return Code: 0
Run Time:00h:00m:01s

Complete: Map on encoder8_3_1_syn|synthesis

Complete: Logic Synthesis on encoder8_3_1_syn|synthesis

TCL script complete: "encoder8_3_1_syn.tcl"

exit status=0

exit status=0

License checkin: synplifypro_actel

