
Starting:    C:\Microsemi\Libero_SoC_v11.9\SynplifyPro\bin64\mbin\synbatch.exe
Install:     C:\Microsemi\Libero_SoC_v11.9\SynplifyPro
Hostname:    DESKTOP-4E0F6V3
Date:        Sun Dec 18 18:58:17 2022
Version:     L-2016.09M-SP1-5

Arguments:   -product synplify_pro -licensetype synplifypro_actel -batch -log synplify.log HC4511_syn.tcl
ProductType: synplify_pro

License checkout: synplifypro_actel
License: synplifypro_actel node-locked 
Licensed Vendor: actel
License Option: actel_oem

Running in Vendor Mode


auto_infer_blackbox is not supported in current product.

log file: "D:\project\program\QUARTUS\eda\HC4511\synthesis\HC4511.srr"

Running: synthesis in foreground



Running HC4511_syn|synthesis


Running: compile (Compile) on HC4511_syn|synthesis
# Sun Dec 18 18:58:17 2022


Running: compile_flow (Compile Process) on HC4511_syn|synthesis
# Sun Dec 18 18:58:17 2022


Running: compiler (Compile Input) on HC4511_syn|synthesis
# Sun Dec 18 18:58:17 2022

Copied D:\project\program\QUARTUS\eda\HC4511\synthesis\synwork\HC4511_comp.srs to D:\project\program\QUARTUS\eda\HC4511\synthesis\HC4511.srs


compiler completed
# Sun Dec 18 18:58:21 2022

Return Code: 0
Run Time:00h:00m:04s


Running: multi_srs_gen (Multi-srs Generator) on HC4511_syn|synthesis
# Sun Dec 18 18:58:21 2022


multi_srs_gen completed
# Sun Dec 18 18:58:21 2022

Return Code: 0
Run Time:00h:00m:00s

Copied D:\project\program\QUARTUS\eda\HC4511\synthesis\synwork\HC4511_mult.srs to D:\project\program\QUARTUS\eda\HC4511\synthesis\HC4511.srs

Complete: Compile Process on HC4511_syn|synthesis


Running: premap (Pre-mapping) on HC4511_syn|synthesis
# Sun Dec 18 18:58:21 2022


premap completed with warnings
# Sun Dec 18 18:58:23 2022

Return Code: 1
Run Time:00h:00m:02s

Complete: Compile on HC4511_syn|synthesis


Running: map (Map) on HC4511_syn|synthesis
# Sun Dec 18 18:58:23 2022

License granted for 4 parallel jobs


Running: fpga_mapper (Map & Optimize) on HC4511_syn|synthesis
# Sun Dec 18 18:58:23 2022

Copied D:\project\program\QUARTUS\eda\HC4511\synthesis\synwork\HC4511_m.srm to D:\project\program\QUARTUS\eda\HC4511\synthesis\HC4511.srm


fpga_mapper completed with warnings
# Sun Dec 18 18:58:24 2022

Return Code: 1
Run Time:00h:00m:01s

Complete: Map on HC4511_syn|synthesis

Complete: Logic Synthesis on HC4511_syn|synthesis

TCL script complete: "HC4511_syn.tcl"

exit status=0

exit status=0

License checkin: synplifypro_actel

