
Starting:    C:\Microsemi\Libero_SoC_v11.9\SynplifyPro\bin64\mbin\synbatch.exe
Install:     C:\Microsemi\Libero_SoC_v11.9\SynplifyPro
Hostname:    DESKTOP-4E0F6V3
Date:        Mon Dec 19 12:49:21 2022
Version:     L-2016.09M-SP1-5

Arguments:   -product synplify_pro -licensetype synplifypro_actel -batch -log synplify.log cnt121_syn.tcl
ProductType: synplify_pro

License checkout: synplifypro_actel
License: synplifypro_actel node-locked 
Licensed Vendor: actel
License Option: actel_oem

Running in Vendor Mode


auto_infer_blackbox is not supported in current product.

log file: "D:\project\program\QUARTUS\eda\Counter\synthesis\cnt121.srr"

Running: synthesis in foreground



Running cnt121_syn|synthesis


Running: compile (Compile) on cnt121_syn|synthesis
# Mon Dec 19 12:49:22 2022


Running: compile_flow (Compile Process) on cnt121_syn|synthesis
# Mon Dec 19 12:49:22 2022


Running: compiler (Compile Input) on cnt121_syn|synthesis
# Mon Dec 19 12:49:22 2022

Copied D:\project\program\QUARTUS\eda\Counter\synthesis\synwork\cnt121_comp.srs to D:\project\program\QUARTUS\eda\Counter\synthesis\cnt121.srs


compiler completed
# Mon Dec 19 12:49:23 2022

Return Code: 0
Run Time:00h:00m:01s


Running: multi_srs_gen (Multi-srs Generator) on cnt121_syn|synthesis
# Mon Dec 19 12:49:23 2022


multi_srs_gen completed
# Mon Dec 19 12:49:23 2022

Return Code: 0
Run Time:00h:00m:00s

Copied D:\project\program\QUARTUS\eda\Counter\synthesis\synwork\cnt121_mult.srs to D:\project\program\QUARTUS\eda\Counter\synthesis\cnt121.srs

Complete: Compile Process on cnt121_syn|synthesis


Running: premap (Pre-mapping) on cnt121_syn|synthesis
# Mon Dec 19 12:49:23 2022


premap completed with warnings
# Mon Dec 19 12:49:24 2022

Return Code: 1
Run Time:00h:00m:01s

Complete: Compile on cnt121_syn|synthesis


Running: map (Map) on cnt121_syn|synthesis
# Mon Dec 19 12:49:24 2022

License granted for 4 parallel jobs


Running: fpga_mapper (Map & Optimize) on cnt121_syn|synthesis
# Mon Dec 19 12:49:24 2022

Copied D:\project\program\QUARTUS\eda\Counter\synthesis\synwork\cnt121_m.srm to D:\project\program\QUARTUS\eda\Counter\synthesis\cnt121.srm


fpga_mapper completed with warnings
# Mon Dec 19 12:49:25 2022

Return Code: 1
Run Time:00h:00m:01s

Complete: Map on cnt121_syn|synthesis

Complete: Logic Synthesis on cnt121_syn|synthesis

TCL script complete: "cnt121_syn.tcl"

exit status=0

exit status=0

License checkin: synplifypro_actel

