Microsemi Libero Software
Version: 11.9.0.4
Release: v11.9

Info: The design dec2x4.adb was last modified by software version 11.9.0.4.
Opened an existing Libero design dec2x4.adb.
'BA_NAME' set to 'dec2x4_ba'
'IDE_DESIGNERVIEW_NAME' set to 'Impl1'
'IDE_DESIGNERVIEW_COUNT' set to '1'
'IDE_DESIGNERVIEW_REV0' set to 'Impl1'
'IDE_DESIGNERVIEW_REVNUM0' set to '1'
'IDE_DESIGNERVIEW_ROOTDIR' set to 'D:\project\program\QUARTUS\eda\dec2x4\designer'
'IDE_DESIGNERVIEW_LASTREV' set to '1'

 Netlist Reading Time = 0.0 seconds
Imported the file:
   D:\project\program\QUARTUS\eda\dec2x4\synthesis\dec2x4.edn

The Import command succeeded ( 00:00:00 )
=====================================================================
Parameters used to run compile:
===============================

Family      : ProASIC3
Device      : A3P060
Package     : 100 VQFP
Source      : D:\project\program\QUARTUS\eda\dec2x4\synthesis\dec2x4.edn
Format      : EDIF
Topcell     : dec2x4
Speed grade : STD
Temp        : 0:25:70
Voltage     : 1.58:1.50:1.42

Keep Existing Physical Constraints : No
Keep Existing Timing Constraints   : Yes

pdc_abort_on_error                 : Yes
pdc_eco_display_unmatched_objects  : No
pdc_eco_max_warnings               : 10000

demote_globals                     : No
promote_globals                    : No
localclock_max_shared_instances    : 12
localclock_buffer_tree_max_fanout  : 12

combine_register                   : No
delete_buffer_tree                 : No

report_high_fanout_nets_limit      : 10

=====================================================================
Compile starts ...


Netlist Optimization Report
===========================

Optimized macros:
  - Dangling net drivers:   0
  - Buffers:                0
  - Inverters:              0
  - Tieoff:                 0
  - Logic combining:        0

    Total macros optimized  0

There were 0 error(s) and 0 warning(s) in this design.
=====================================================================

Reading previous post-compile physical placement constraints.


There were 0 error(s) and 0 warning(s).

=====================================================================
Compile report:
===============

    CORE                       Used:      4  Total:   1536   (0.26%)
    IO (W/ clocks)             Used:      7  Total:     71   (9.86%)
    GLOBAL (Chip+Quadrant)     Used:      0  Total:     18   (0.00%)
    PLL                        Used:      0  Total:      1   (0.00%)
    RAM/FIFO                   Used:      0  Total:      4   (0.00%)
    Low Static ICC             Used:      0  Total:      1   (0.00%)
    FlashROM                   Used:      0  Total:      1   (0.00%)
    User JTAG                  Used:      0  Total:      1   (0.00%)

Global Information:

    Type            | Used   | Total
    ----------------|--------|--------------
    Chip global     | 0      | 6  (0.00%)*
    Quadrant global | 0      | 12 (0.00%)

    (*) Chip globals may be assigned to Quadrant globals using the Multi-View Navigator (MVN)
        or Physical Design Constraints (PDC).
        They may also be assigned to Quadrant globals automatically during Layout.

Core Information:

    Type    | Instances    | Core tiles
    --------|--------------|-----------
    COMB    | 4            | 4
    SEQ     | 0            | 0

I/O Function:

    Type                                  | w/o register  | w/ register  | w/ DDR register
    --------------------------------------|---------------|--------------|----------------
    Input I/O                             | 3             | 0            | 0
    Output I/O                            | 4             | 0            | 0
    Bidirectional I/O                     | 0             | 0            | 0
    Differential Input I/O Pairs          | 0             | 0            | 0
    Differential Output I/O Pairs         | 0             | 0            | 0

I/O Technology:

                                    |   Voltages    |             I/Os
    --------------------------------|-------|-------|-------|--------|--------------
    I/O Standard(s)                 | Vcci  | Vref  | Input | Output | Bidirectional
    --------------------------------|-------|-------|-------|--------|--------------
    LVTTL                           | 3.30v | N/A   | 3     | 4      | 0

I/O Placement:

    Locked  :   0
    Placed  :   7 ( 100.00% )
    UnPlaced:   0

Net information report:
=======================

High fanout nets in the post compile netlist:
    Fanout  Type          Name
    --------------------------
    4       INT_NET       Net   : a_c
                          Driver: a_pad
    4       INT_NET       Net   : b_c
                          Driver: b_pad
    4       INT_NET       Net   : en_c
                          Driver: en_pad
    1       INT_NET       Net   : y_pad_RNO[3]
                          Driver: y_pad_RNO[3]
    1       INT_NET       Net   : y_pad_RNO[0]
                          Driver: y_pad_RNO[0]
    1       INT_NET       Net   : y_pad_RNO[1]
                          Driver: y_pad_RNO[1]
    1       INT_NET       Net   : un7_y
                          Driver: un7_y

Nets that are candidates for clock assignment and the resulting fanout:
    Fanout  Type          Name
    --------------------------
    4       INT_NET       Net   : a_c
                          Driver: a_pad
    4       INT_NET       Net   : b_c
                          Driver: b_pad
    4       INT_NET       Net   : en_c
                          Driver: en_pad
    1       INT_NET       Net   : y_pad_RNO[3]
                          Driver: y_pad_RNO[3]
    1       INT_NET       Net   : y_pad_RNO[0]
                          Driver: y_pad_RNO[0]
    1       INT_NET       Net   : y_pad_RNO[1]
                          Driver: y_pad_RNO[1]
    1       INT_NET       Net   : un7_y
                          Driver: un7_y

The Compile command succeeded ( 00:00:00 )
Wrote status report to file: dec2x4_compile_report.txt

The Report command succeeded ( 00:00:00 )
Wrote pin report to file: dec2x4_report_pin_byname.txt

The Report command succeeded ( 00:00:01 )
Wrote pin report to file: dec2x4_report_pin_bynumber.txt

The Report command succeeded ( 00:00:01 )
Design saved to file D:\project\program\QUARTUS\eda\dec2x4\designer\impl1\dec2x4.adb.

The Execute Script command succeeded ( 00:00:04 )
Design closed.

