Microsemi Libero Software
Version: 11.9.0.4
Release: v11.9

Created a new design.
'BA_NAME' set to 'dec2x4_ba'
'IDE_DESIGNERVIEW_NAME' set to 'Impl1'
'IDE_DESIGNERVIEW_COUNT' set to '1'
'IDE_DESIGNERVIEW_REV0' set to 'Impl1'
'IDE_DESIGNERVIEW_REVNUM0' set to '1'
'IDE_DESIGNERVIEW_ROOTDIR' set to 'D:\project\program\QUARTUS\eda\dec2x4\designer'
'IDE_DESIGNERVIEW_LASTREV' set to '1'
'DESDIR' set to 'D:/project/program/QUARTUS/eda/dec2x4/designer/impl1'
'BA_DIR' set to 'D:/project/program/QUARTUS/eda/dec2x4/designer/impl1'
'BA_NETLIST_ALSO' set to '1'
'EDNINFLAVOR' set to 'GENERIC'
'NETLIST_NAMING_STYLE' set to 'VERILOG'
'EXPORT_STATUS_REPORT' set to '1'
'EXPORT_STATUS_REPORT_FILENAME' set to 'dec2x4.rpt'
'AUDIT_NETLIST_FILE' set to '1'
'AUDIT_DCF_FILE' set to '1'
'AUDIT_PIN_FILE' set to '1'
'AUDIT_ADL_FILE' set to '1'

 Netlist Reading Time = 0.0 seconds
Imported the file:
   D:\project\program\QUARTUS\eda\dec2x4\synthesis\dec2x4.edn

The Import command succeeded ( 00:00:00 )
Wrote to the file: ..\..\synthesis\dec2x4.v

The Export command succeeded ( 00:00:02 )

The Execute Script command succeeded ( 00:00:03 )
Warning: The database was closed without a save, modifications are lost
Design closed.

