Target Part: A3P060_VQFP100_STD
Report for cell cnt121.verilog
  Core Cell usage:
              cell count     area count*area
              AND2     1      1.0        1.0
              AND3     1      1.0        1.0
               AO1     1      1.0        1.0
               AX1     1      1.0        1.0
               GND     4      0.0        0.0
              NOR2     1      1.0        1.0
             NOR2A     1      1.0        1.0
             NOR2B     5      1.0        5.0
             NOR3A     1      1.0        1.0
               VCC     4      0.0        0.0
               XA1     3      1.0        3.0
              XA1B     2      1.0        2.0


            DFN1C0     4      1.0        4.0
          DFN1E1C0     4      1.0        4.0
                   -----          ----------
             TOTAL    33                25.0


  IO Cell usage:
              cell count
            CLKBUF     1
             INBUF     1
            OUTBUF     9
                   -----
             TOTAL    11


Core Cells         : 25 of 1536 (2%)
IO Cells           : 11

  RAM/ROM Usage Summary
Block Rams : 0 of 4 (0%)

