
Starting:    C:\Microsemi\Libero_SoC_v11.9\SynplifyPro\bin64\mbin\synbatch.exe
Install:     C:\Microsemi\Libero_SoC_v11.9\SynplifyPro
Hostname:    DESKTOP-4E0F6V3
Date:        Mon Dec 19 00:17:52 2022
Version:     L-2016.09M-SP1-5

Arguments:   -product synplify_pro -licensetype synplifypro_actel -batch -log synplify.log HC194_syn.tcl
ProductType: synplify_pro

License checkout: synplifypro_actel
License: synplifypro_actel node-locked 
Licensed Vendor: actel
License Option: actel_oem

Running in Vendor Mode


Implementation not found: synthesis

log file: "D:\project\program\QUARTUS\eda\HC194\synthesis\HC194.srr"

Running: synthesis in foreground



Running HC194_syn|synthesis


Running: compile (Compile) on HC194_syn|synthesis
# Mon Dec 19 00:17:52 2022


Running: compile_flow (Compile Process) on HC194_syn|synthesis
# Mon Dec 19 00:17:52 2022


Running: compiler (Compile Input) on HC194_syn|synthesis
# Mon Dec 19 00:17:52 2022

Copied D:\project\program\QUARTUS\eda\HC194\synthesis\synwork\HC194_comp.srs to D:\project\program\QUARTUS\eda\HC194\synthesis\HC194.srs


compiler completed
# Mon Dec 19 00:17:54 2022

Return Code: 0
Run Time:00h:00m:02s


Running: multi_srs_gen (Multi-srs Generator) on HC194_syn|synthesis
# Mon Dec 19 00:17:54 2022


multi_srs_gen completed
# Mon Dec 19 00:17:54 2022

Return Code: 0
Run Time:00h:00m:00s

Copied D:\project\program\QUARTUS\eda\HC194\synthesis\synwork\HC194_mult.srs to D:\project\program\QUARTUS\eda\HC194\synthesis\HC194.srs

Complete: Compile Process on HC194_syn|synthesis


Running: premap (Pre-mapping) on HC194_syn|synthesis
# Mon Dec 19 00:17:54 2022


premap completed with warnings
# Mon Dec 19 00:17:55 2022

Return Code: 1
Run Time:00h:00m:01s

Complete: Compile on HC194_syn|synthesis


Running: map (Map) on HC194_syn|synthesis
# Mon Dec 19 00:17:55 2022

License granted for 4 parallel jobs


Running: fpga_mapper (Map & Optimize) on HC194_syn|synthesis
# Mon Dec 19 00:17:55 2022

Copied D:\project\program\QUARTUS\eda\HC194\synthesis\synwork\HC194_m.srm to D:\project\program\QUARTUS\eda\HC194\synthesis\HC194.srm


fpga_mapper completed with warnings
# Mon Dec 19 00:17:56 2022

Return Code: 1
Run Time:00h:00m:01s

Complete: Map on HC194_syn|synthesis

Complete: Logic Synthesis on HC194_syn|synthesis

Copied D:\project\program\QUARTUS\eda\HC194\synthesis\HC194.srr to D:\project\program\QUARTUS\eda\HC194\synthesis\backup\HC194.srr

TCL script complete: "HC194_syn.tcl"

exit status=0

exit status=0

License checkin: synplifypro_actel

