Target Part: A3P060_VQFP100_STD
Report for cell HC112.verilog
  Core Cell usage:
              cell count     area count*area
               GND     1      0.0        0.0
               INV     4      1.0        4.0
              MX2B     2      1.0        2.0
             NOR2A     2      1.0        2.0
               VCC     1      0.0        0.0


          DFN0P1C1     2      1.0        2.0
                   -----          ----------
             TOTAL    12                10.0


  IO Cell usage:
              cell count
             INBUF    10
            OUTBUF     4
                   -----
             TOTAL    14


Core Cells         : 10 of 1536 (1%)
IO Cells           : 14

  RAM/ROM Usage Summary
Block Rams : 0 of 4 (0%)

