Target Part: A3P060_VQFP100_STD
Report for cell adders.verilog
  Core Cell usage:
              cell count     area count*area
               GND     2      0.0        0.0
              MAJ3     1      1.0        1.0
             NOR2B     1      1.0        1.0
               OR2     1      1.0        1.0
               VCC     2      0.0        0.0
               XA1     1      1.0        1.0
              XOR3     1      1.0        1.0


                   -----          ----------
             TOTAL     9                 5.0


  IO Cell usage:
              cell count
             INBUF     3
            OUTBUF     4
                   -----
             TOTAL     7


Core Cells         : 5 of 1536 (0%)
IO Cells           : 7

  RAM/ROM Usage Summary
Block Rams : 0 of 4 (0%)

