Target Part: A3P060_VQFP100_STD
Report for cell adder_2.verilog
  Core Cell usage:
              cell count     area count*area
               GND     4      0.0        0.0
              MAJ3     3      1.0        3.0
             NOR2B     1      1.0        1.0
               OR2     1      1.0        1.0
               VCC     4      0.0        0.0
               XA1     1      1.0        1.0
              XOR3     4      1.0        4.0


                   -----          ----------
             TOTAL    18                10.0


  IO Cell usage:
              cell count
             INBUF     5
            OUTBUF     6
                   -----
             TOTAL    11


Core Cells         : 10 of 1536 (1%)
IO Cells           : 11

  RAM/ROM Usage Summary
Block Rams : 0 of 4 (0%)

