Target Part: A3P060_VQFP100_STD
Report for cell halfadder.verilog
  Core Cell usage:
              cell count     area count*area
               GND     1      0.0        0.0
             NOR2B     1      1.0        1.0
               VCC     1      0.0        0.0
              XOR2     1      1.0        1.0


                   -----          ----------
             TOTAL     4                 2.0


  IO Cell usage:
              cell count
             INBUF     2
            OUTBUF     2
                   -----
             TOTAL     4


Core Cells         : 2 of 1536 (0%)
IO Cells           : 4

  RAM/ROM Usage Summary
Block Rams : 0 of 4 (0%)

