Microsemi Libero Software
Version: 11.9.0.4
Release: v11.9

Info: The design HC74.adb was last modified by software version 11.9.0.4.
Opened an existing Libero design HC74.adb.
'BA_NAME' set to 'HC74_ba'
'IDE_DESIGNERVIEW_NAME' set to 'Impl1'
'IDE_DESIGNERVIEW_COUNT' set to '1'
'IDE_DESIGNERVIEW_REV0' set to 'Impl1'
'IDE_DESIGNERVIEW_REVNUM0' set to '1'
'IDE_DESIGNERVIEW_ROOTDIR' set to 'D:\project\program\QUARTUS\eda\HC74\designer'
'IDE_DESIGNERVIEW_LASTREV' set to '1'

 Netlist Reading Time = 0.0 seconds
Imported the file:
   D:\project\program\QUARTUS\eda\HC74\synthesis\HC74.edn

The Import command succeeded ( 00:00:00 )
=====================================================================
Parameters used to run compile:
===============================

Family      : ProASIC3
Device      : A3P060
Package     : 100 VQFP
Source      : D:\project\program\QUARTUS\eda\HC74\synthesis\HC74.edn
Format      : EDIF
Topcell     : HC74
Speed grade : STD
Temp        : 0:25:70
Voltage     : 1.58:1.50:1.42

Keep Existing Physical Constraints : No
Keep Existing Timing Constraints   : Yes

pdc_abort_on_error                 : Yes
pdc_eco_display_unmatched_objects  : No
pdc_eco_max_warnings               : 10000

demote_globals                     : No
promote_globals                    : No
localclock_max_shared_instances    : 12
localclock_buffer_tree_max_fanout  : 12

combine_register                   : No
delete_buffer_tree                 : No

report_high_fanout_nets_limit      : 10

=====================================================================
Compile starts ...


Netlist Optimization Report
===========================

Optimized macros:
  - Dangling net drivers:   0
  - Buffers:                0
  - Inverters:              0
  - Tieoff:                 0
  - Logic combining:        0

    Total macros optimized  0

There were 0 error(s) and 0 warning(s) in this design.
=====================================================================

Reading previous post-compile physical placement constraints.


There were 0 error(s) and 0 warning(s).

=====================================================================
Compile report:
===============

    CORE                       Used:     10  Total:   1536   (0.65%)
    IO (W/ clocks)             Used:     12  Total:     71   (16.90%)
    GLOBAL (Chip+Quadrant)     Used:      2  Total:     18   (11.11%)
    PLL                        Used:      0  Total:      1   (0.00%)
    RAM/FIFO                   Used:      0  Total:      4   (0.00%)
    Low Static ICC             Used:      0  Total:      1   (0.00%)
    FlashROM                   Used:      0  Total:      1   (0.00%)
    User JTAG                  Used:      0  Total:      1   (0.00%)

Global Information:

    Type            | Used   | Total
    ----------------|--------|--------------
    Chip global     | 2      | 6  (33.33%)*
    Quadrant global | 0      | 12 (0.00%)

    (*) Chip globals may be assigned to Quadrant globals using the Multi-View Navigator (MVN)
        or Physical Design Constraints (PDC).
        They may also be assigned to Quadrant globals automatically during Layout.

Core Information:

    Type    | Instances    | Core tiles
    --------|--------------|-----------
    COMB    | 6            | 6
    SEQ     | 4            | 4

I/O Function:

    Type                                  | w/o register  | w/ register  | w/ DDR register
    --------------------------------------|---------------|--------------|----------------
    Input I/O                             | 8             | 0            | 0
    Output I/O                            | 4             | 0            | 0
    Bidirectional I/O                     | 0             | 0            | 0
    Differential Input I/O Pairs          | 0             | 0            | 0
    Differential Output I/O Pairs         | 0             | 0            | 0

I/O Technology:

                                    |   Voltages    |             I/Os
    --------------------------------|-------|-------|-------|--------|--------------
    I/O Standard(s)                 | Vcci  | Vref  | Input | Output | Bidirectional
    --------------------------------|-------|-------|-------|--------|--------------
    LVTTL                           | 3.30v | N/A   | 8     | 4      | 0

I/O Placement:

    Locked  :   0
    Placed  :  12 ( 100.00% )
    UnPlaced:   0

Net information report:
=======================

The following nets have been assigned to a chip global resource:
    Fanout  Type          Name
    --------------------------
    2       CLK_NET       Net   : Clk1_c
                          Driver: Clk1_pad
                          Source: NETLIST
    2       CLK_NET       Net   : Clk2_c
                          Driver: Clk2_pad
                          Source: NETLIST

High fanout nets in the post compile netlist:
    Fanout  Type          Name
    --------------------------
    4       INT_NET       Net   : R1_c
                          Driver: R1_pad
    3       INT_NET       Net   : S1_c
                          Driver: S1_pad
    2       INT_NET       Net   : D1_c
                          Driver: D1_pad
    2       INT_NET       Net   : D2_c
                          Driver: D2_pad
    2       INT_NET       Net   : Q29
                          Driver: S2_pad_RNIH6HH
    1       INT_NET       Net   : Q2_RNO
                          Driver: Q2_RNO
    1       INT_NET       Net   : Q1_RNO
                          Driver: Q1_RNO
    1       INT_NET       Net   : Q1_N_1
                          Driver: Q1_N_1
    1       INT_NET       Net   : Q2_N_RNO
                          Driver: Q2_N_RNO
    1       INT_NET       Net   : S2_c
                          Driver: S2_pad

Nets that are candidates for clock assignment and the resulting fanout:
    Fanout  Type          Name
    --------------------------
    4       INT_NET       Net   : R1_c
                          Driver: R1_pad
    3       INT_NET       Net   : S1_c
                          Driver: S1_pad
    2       INT_NET       Net   : D1_c
                          Driver: D1_pad
    2       INT_NET       Net   : D2_c
                          Driver: D2_pad
    2       INT_NET       Net   : Q29
                          Driver: S2_pad_RNIH6HH
    1       INT_NET       Net   : Q2_RNO
                          Driver: Q2_RNO
    1       INT_NET       Net   : Q1_RNO
                          Driver: Q1_RNO
    1       INT_NET       Net   : Q1_N_1
                          Driver: Q1_N_1
    1       INT_NET       Net   : Q2_N_RNO
                          Driver: Q2_N_RNO
    1       INT_NET       Net   : S2_c
                          Driver: S2_pad

The Compile command succeeded ( 00:00:00 )
Wrote status report to file: HC74_compile_report.txt

The Report command succeeded ( 00:00:00 )
Wrote pin report to file: HC74_report_pin_byname.txt

The Report command succeeded ( 00:00:01 )
Wrote pin report to file: HC74_report_pin_bynumber.txt

The Report command succeeded ( 00:00:01 )
Design saved to file D:\project\program\QUARTUS\eda\HC74\designer\impl1\HC74.adb.

The Execute Script command succeeded ( 00:00:04 )
Design closed.

