Target Part: A3P060_VQFP100_STD
Report for cell HC74.verilog
  Core Cell usage:
              cell count     area count*area
              AO1B     1      1.0        1.0
              AO1C     1      1.0        1.0
              AOI1     1      1.0        1.0
               GND     1      0.0        0.0
              MX2A     1      1.0        1.0
             NOR2A     1      1.0        1.0
               OR2     1      1.0        1.0
               VCC     1      0.0        0.0


              DFN1     4      1.0        4.0
                   -----          ----------
             TOTAL    12                10.0


  IO Cell usage:
              cell count
            CLKBUF     2
             INBUF     6
            OUTBUF     4
                   -----
             TOTAL    12


Core Cells         : 10 of 1536 (1%)
IO Cells           : 12

  RAM/ROM Usage Summary
Block Rams : 0 of 4 (0%)

