Target Part: A3P060_VQFP100_STD
Report for cell dec2x4.verilog
  Core Cell usage:
              cell count     area count*area
               GND     1      0.0        0.0
              OR3A     1      1.0        1.0
              OR3B     2      1.0        2.0
              OR3C     1      1.0        1.0
               VCC     1      0.0        0.0


                   -----          ----------
             TOTAL     6                 4.0


  IO Cell usage:
              cell count
             INBUF     3
            OUTBUF     4
                   -----
             TOTAL     7


Core Cells         : 4 of 1536 (0%)
IO Cells           : 7

  RAM/ROM Usage Summary
Block Rams : 0 of 4 (0%)

