
Starting:    C:\Microsemi\Libero_SoC_v11.9\SynplifyPro\bin64\mbin\synbatch.exe
Install:     C:\Microsemi\Libero_SoC_v11.9\SynplifyPro
Hostname:    DESKTOP-4E0F6V3
Date:        Wed Nov 30 20:22:18 2022
Version:     L-2016.09M-SP1-5

Arguments:   -product synplify_pro -licensetype synplifypro_actel -batch -log synplify.log adder_3_syn.tcl
ProductType: synplify_pro

License checkout: synplifypro_actel
License: synplifypro_actel node-locked 
Licensed Vendor: actel
License Option: actel_oem

Running in Vendor Mode


auto_infer_blackbox is not supported in current product.

log file: "D:\project\program\QUARTUS\eda\Adders_Smart\synthesis\adder_3.srr"

Running: synthesis in foreground



Running adder_3_syn|synthesis


Running: compile (Compile) on adder_3_syn|synthesis
# Wed Nov 30 20:22:18 2022


Running: compile_flow (Compile Process) on adder_3_syn|synthesis
# Wed Nov 30 20:22:18 2022


Running: compiler (Compile Input) on adder_3_syn|synthesis
# Wed Nov 30 20:22:18 2022

Copied D:\project\program\QUARTUS\eda\Adders_Smart\synthesis\synwork\adder_3_comp.srs to D:\project\program\QUARTUS\eda\Adders_Smart\synthesis\adder_3.srs


compiler completed
# Wed Nov 30 20:22:22 2022

Return Code: 0
Run Time:00h:00m:04s


Running: multi_srs_gen (Multi-srs Generator) on adder_3_syn|synthesis
# Wed Nov 30 20:22:22 2022


multi_srs_gen completed
# Wed Nov 30 20:22:23 2022

Return Code: 0
Run Time:00h:00m:01s

Copied D:\project\program\QUARTUS\eda\Adders_Smart\synthesis\synwork\adder_3_mult.srs to D:\project\program\QUARTUS\eda\Adders_Smart\synthesis\adder_3.srs

Complete: Compile Process on adder_3_syn|synthesis


Running: premap (Pre-mapping) on adder_3_syn|synthesis
# Wed Nov 30 20:22:23 2022


premap completed
# Wed Nov 30 20:22:25 2022

Return Code: 0
Run Time:00h:00m:02s

Complete: Compile on adder_3_syn|synthesis


Running: map (Map) on adder_3_syn|synthesis
# Wed Nov 30 20:22:25 2022

License granted for 4 parallel jobs


Running: fpga_mapper (Map & Optimize) on adder_3_syn|synthesis
# Wed Nov 30 20:22:25 2022

Copied D:\project\program\QUARTUS\eda\Adders_Smart\synthesis\synwork\adder_3_m.srm to D:\project\program\QUARTUS\eda\Adders_Smart\synthesis\adder_3.srm


fpga_mapper completed
# Wed Nov 30 20:22:26 2022

Return Code: 0
Run Time:00h:00m:01s

Complete: Map on adder_3_syn|synthesis

Complete: Logic Synthesis on adder_3_syn|synthesis

TCL script complete: "adder_3_syn.tcl"

exit status=0

exit status=0

License checkin: synplifypro_actel

