
Starting:    C:\Microsemi\Libero_SoC_v11.9\SynplifyPro\bin64\mbin\synbatch.exe
Install:     C:\Microsemi\Libero_SoC_v11.9\SynplifyPro
Hostname:    DESKTOP-4E0F6V3
Date:        Sun Dec 18 19:24:18 2022
Version:     L-2016.09M-SP1-5

Arguments:   -product synplify_pro -licensetype synplifypro_actel -batch -log synplify.log HC85_syn.tcl
ProductType: synplify_pro

License checkout: synplifypro_actel
License: synplifypro_actel node-locked 
Licensed Vendor: actel
License Option: actel_oem

Running in Vendor Mode


Implementation not found: synthesis

log file: "D:\project\program\QUARTUS\eda\HC85\synthesis\HC85.srr"

Running: synthesis in foreground



Running HC85_syn|synthesis


Running: compile (Compile) on HC85_syn|synthesis
# Sun Dec 18 19:24:18 2022


Running: compile_flow (Compile Process) on HC85_syn|synthesis
# Sun Dec 18 19:24:18 2022


Running: compiler (Compile Input) on HC85_syn|synthesis
# Sun Dec 18 19:24:18 2022

Copied D:\project\program\QUARTUS\eda\HC85\synthesis\synwork\HC85_comp.srs to D:\project\program\QUARTUS\eda\HC85\synthesis\HC85.srs


compiler completed
# Sun Dec 18 19:24:20 2022

Return Code: 0
Run Time:00h:00m:02s


Running: multi_srs_gen (Multi-srs Generator) on HC85_syn|synthesis
# Sun Dec 18 19:24:20 2022


multi_srs_gen completed
# Sun Dec 18 19:24:21 2022

Return Code: 0
Run Time:00h:00m:01s

Copied D:\project\program\QUARTUS\eda\HC85\synthesis\synwork\HC85_mult.srs to D:\project\program\QUARTUS\eda\HC85\synthesis\HC85.srs

Complete: Compile Process on HC85_syn|synthesis


Running: premap (Pre-mapping) on HC85_syn|synthesis
# Sun Dec 18 19:24:21 2022


premap completed
# Sun Dec 18 19:24:21 2022

Return Code: 0
Run Time:00h:00m:00s

Complete: Compile on HC85_syn|synthesis


Running: map (Map) on HC85_syn|synthesis
# Sun Dec 18 19:24:21 2022

License granted for 4 parallel jobs


Running: fpga_mapper (Map & Optimize) on HC85_syn|synthesis
# Sun Dec 18 19:24:21 2022

Copied D:\project\program\QUARTUS\eda\HC85\synthesis\synwork\HC85_m.srm to D:\project\program\QUARTUS\eda\HC85\synthesis\HC85.srm


fpga_mapper completed
# Sun Dec 18 19:24:24 2022

Return Code: 0
Run Time:00h:00m:03s

Complete: Map on HC85_syn|synthesis

Complete: Logic Synthesis on HC85_syn|synthesis

Copied D:\project\program\QUARTUS\eda\HC85\synthesis\HC85.srr to D:\project\program\QUARTUS\eda\HC85\synthesis\backup\HC85.srr

TCL script complete: "HC85_syn.tcl"

exit status=0

exit status=0

License checkin: synplifypro_actel

