Microsemi Libero Software
Version: 11.9.0.4
Release: v11.9

Info: The design encoder8_3_1.adb was last modified by software version 11.9.0.4.
Opened an existing Libero design encoder8_3_1.adb.
'BA_NAME' set to 'encoder8_3_1_ba'
'IDE_DESIGNERVIEW_NAME' set to 'Impl1'
'IDE_DESIGNERVIEW_COUNT' set to '1'
'IDE_DESIGNERVIEW_REV0' set to 'Impl1'
'IDE_DESIGNERVIEW_REVNUM0' set to '1'
'IDE_DESIGNERVIEW_ROOTDIR' set to 'D:\project\program\QUARTUS\eda\HC148\designer'
'IDE_DESIGNERVIEW_LASTREV' set to '1'

 Netlist Reading Time = 0.0 seconds
Imported the file:
   D:\project\program\QUARTUS\eda\HC148\synthesis\encoder8_3_1.edn

The Import command succeeded ( 00:00:00 )
=====================================================================
Parameters used to run compile:
===============================

Family      : ProASIC3
Device      : A3P060
Package     : 100 VQFP
Source      : D:\project\program\QUARTUS\eda\HC148\synthesis\encoder8_3_1.edn
Format      : EDIF
Topcell     : encoder8_3_1
Speed grade : STD
Temp        : 0:25:70
Voltage     : 1.58:1.50:1.42

Keep Existing Physical Constraints : No
Keep Existing Timing Constraints   : Yes

pdc_abort_on_error                 : Yes
pdc_eco_display_unmatched_objects  : No
pdc_eco_max_warnings               : 10000

demote_globals                     : No
promote_globals                    : No
localclock_max_shared_instances    : 12
localclock_buffer_tree_max_fanout  : 12

combine_register                   : No
delete_buffer_tree                 : No

report_high_fanout_nets_limit      : 10

=====================================================================
Compile starts ...


Netlist Optimization Report
===========================

Optimized macros:
  - Dangling net drivers:   0
  - Buffers:                0
  - Inverters:              0
  - Tieoff:                 0
  - Logic combining:        0

    Total macros optimized  0

There were 0 error(s) and 0 warning(s) in this design.
=====================================================================

Reading previous post-compile physical placement constraints.


There were 0 error(s) and 0 warning(s).

=====================================================================
Compile report:
===============

    CORE                       Used:     16  Total:   1536   (1.04%)
    IO (W/ clocks)             Used:     14  Total:     71   (19.72%)
    GLOBAL (Chip+Quadrant)     Used:      0  Total:     18   (0.00%)
    PLL                        Used:      0  Total:      1   (0.00%)
    RAM/FIFO                   Used:      0  Total:      4   (0.00%)
    Low Static ICC             Used:      0  Total:      1   (0.00%)
    FlashROM                   Used:      0  Total:      1   (0.00%)
    User JTAG                  Used:      0  Total:      1   (0.00%)

Global Information:

    Type            | Used   | Total
    ----------------|--------|--------------
    Chip global     | 0      | 6  (0.00%)*
    Quadrant global | 0      | 12 (0.00%)

    (*) Chip globals may be assigned to Quadrant globals using the Multi-View Navigator (MVN)
        or Physical Design Constraints (PDC).
        They may also be assigned to Quadrant globals automatically during Layout.

Core Information:

    Type    | Instances    | Core tiles
    --------|--------------|-----------
    COMB    | 16           | 16
    SEQ     | 0            | 0

I/O Function:

    Type                                  | w/o register  | w/ register  | w/ DDR register
    --------------------------------------|---------------|--------------|----------------
    Input I/O                             | 9             | 0            | 0
    Output I/O                            | 5             | 0            | 0
    Bidirectional I/O                     | 0             | 0            | 0
    Differential Input I/O Pairs          | 0             | 0            | 0
    Differential Output I/O Pairs         | 0             | 0            | 0

I/O Technology:

                                    |   Voltages    |             I/Os
    --------------------------------|-------|-------|-------|--------|--------------
    I/O Standard(s)                 | Vcci  | Vref  | Input | Output | Bidirectional
    --------------------------------|-------|-------|-------|--------|--------------
    LVTTL                           | 3.30v | N/A   | 9     | 5      | 0

I/O Placement:

    Locked  :   0
    Placed  :  14 ( 100.00% )
    UnPlaced:   0

Net information report:
=======================

High fanout nets in the post compile netlist:
    Fanout  Type          Name
    --------------------------
    7       INT_NET       Net   : EI_c
                          Driver: EI_pad
    3       INT_NET       Net   : N_25_3
                          Driver: din_pad_RNIN0VP[4]
    3       INT_NET       Net   : N_25_4
                          Driver: din_pad_RNIR4VP[7]
    3       INT_NET       Net   : din_c[6]
                          Driver: din_pad[6]
    2       INT_NET       Net   : N_25_2
                          Driver: din_pad_RNIJSUP[2]
    2       INT_NET       Net   : din_c[1]
                          Driver: din_pad[1]
    2       INT_NET       Net   : din_c[2]
                          Driver: din_pad[2]
    2       INT_NET       Net   : din_c[3]
                          Driver: din_pad[3]
    2       INT_NET       Net   : din_c[4]
                          Driver: din_pad[4]
    2       INT_NET       Net   : din_c[5]
                          Driver: din_pad[5]

Nets that are candidates for clock assignment and the resulting fanout:
    Fanout  Type          Name
    --------------------------
    7       INT_NET       Net   : EI_c
                          Driver: EI_pad
    3       INT_NET       Net   : N_25_3
                          Driver: din_pad_RNIN0VP[4]
    3       INT_NET       Net   : N_25_4
                          Driver: din_pad_RNIR4VP[7]
    3       INT_NET       Net   : din_c[6]
                          Driver: din_pad[6]
    2       INT_NET       Net   : N_25_2
                          Driver: din_pad_RNIJSUP[2]
    2       INT_NET       Net   : din_c[1]
                          Driver: din_pad[1]
    2       INT_NET       Net   : din_c[2]
                          Driver: din_pad[2]
    2       INT_NET       Net   : din_c[3]
                          Driver: din_pad[3]
    2       INT_NET       Net   : din_c[4]
                          Driver: din_pad[4]
    2       INT_NET       Net   : din_c[5]
                          Driver: din_pad[5]

The Compile command succeeded ( 00:00:00 )
Wrote status report to file: encoder8_3_1_compile_report.txt

The Report command succeeded ( 00:00:00 )
Wrote pin report to file: encoder8_3_1_report_pin_byname.txt

The Report command succeeded ( 00:00:01 )
Wrote pin report to file: encoder8_3_1_report_pin_bynumber.txt

The Report command succeeded ( 00:00:01 )
Design saved to file D:\project\program\QUARTUS\eda\HC148\designer\impl1\encoder8_3_1.adb.

The Execute Script command succeeded ( 00:00:06 )
Design closed.

